<?xml version="1.0" encoding="UTF-8"?>
<testng-results ignored="0" total="1" passed="1" failed="0" skipped="0">
  <reporter-output>
  </reporter-output>
  <suite started-at="2024-10-07T02:17:36 IST" name="Default suite" finished-at="2024-10-07T02:17:39 IST" duration-ms="2504">
    <groups>
    </groups>
    <test started-at="2024-10-07T02:17:36 IST" name="Default test" finished-at="2024-10-07T02:17:39 IST" duration-ms="2504">
      <class name="com.icolor.restassured.RestAssuredDemo">
        <test-method signature="testGetAPI()[pri:0, instance:com.icolor.restassured.RestAssuredDemo@614df0a4]" started-at="2024-10-07T02:17:37 IST" name="testGetAPI" finished-at="2024-10-07T02:17:39 IST" duration-ms="2435" status="PASS">
          <reporter-output>
          </reporter-output>
        </test-method> <!-- testGetAPI -->
      </class> <!-- com.icolor.restassured.RestAssuredDemo -->
    </test> <!-- Default test -->
  </suite> <!-- Default suite -->
</testng-results>
